0 info it worked if it ends with ok
1 verbose cli [ '/usr/bin/node',
1 verbose cli   '/usr/bin/npm',
1 verbose cli   'install',
1 verbose cli   '--global',
1 verbose cli   'generator-h5bp' ]
2 info using npm@1.4.28
3 info using node@v0.10.38
4 verbose node symlink /usr/bin/node
5 verbose cache add [ 'generator-h5bp', null ]
6 verbose cache add name=undefined spec="generator-h5bp" args=["generator-h5bp",null]
7 verbose parsed url { protocol: null,
7 verbose parsed url   slashes: null,
7 verbose parsed url   auth: null,
7 verbose parsed url   host: null,
7 verbose parsed url   port: null,
7 verbose parsed url   hostname: null,
7 verbose parsed url   hash: null,
7 verbose parsed url   search: null,
7 verbose parsed url   query: null,
7 verbose parsed url   pathname: 'generator-h5bp',
7 verbose parsed url   path: 'generator-h5bp',
7 verbose parsed url   href: 'generator-h5bp' }
8 silly lockFile 44b9529c-generator-h5bp generator-h5bp
9 verbose lock generator-h5bp /home/denis/.npm/44b9529c-generator-h5bp.lock
10 silly lockFile 44b9529c-generator-h5bp generator-h5bp
11 silly lockFile 44b9529c-generator-h5bp generator-h5bp
12 verbose addNamed [ 'generator-h5bp', '' ]
13 verbose addNamed [ null, '*' ]
14 silly lockFile e202116f-generator-h5bp generator-h5bp@
15 verbose lock generator-h5bp@ /home/denis/.npm/e202116f-generator-h5bp.lock
16 silly addNameRange { name: 'generator-h5bp', range: '*', hasData: false }
17 verbose request where is /generator-h5bp
18 verbose request registry https://registry.npmjs.org/
19 verbose request id cfdbf0470c01ba7d
20 verbose url raw /generator-h5bp
21 verbose url resolving [ 'https://registry.npmjs.org/', './generator-h5bp' ]
22 verbose url resolved https://registry.npmjs.org/generator-h5bp
23 verbose request where is https://registry.npmjs.org/generator-h5bp
24 info trying registry request attempt 1 at 19:11:05
25 http GET https://registry.npmjs.org/generator-h5bp
26 http 200 https://registry.npmjs.org/generator-h5bp
27 silly registry.get cb [ 200,
27 silly registry.get   { date: 'Fri, 03 Apr 2015 18:11:05 GMT',
27 silly registry.get     server: 'CouchDB/1.5.0 (Erlang OTP/R16B03)',
27 silly registry.get     etag: '"34OICNTQFKRB978KLJJNWU53I"',
27 silly registry.get     'content-type': 'application/json',
27 silly registry.get     'cache-control': 'max-age=60',
27 silly registry.get     'content-length': '13064',
27 silly registry.get     'accept-ranges': 'bytes',
27 silly registry.get     via: '1.1 varnish',
27 silly registry.get     age: '0',
27 silly registry.get     'x-served-by': 'cache-lhr6326-LHR',
27 silly registry.get     'x-cache': 'MISS',
27 silly registry.get     'x-cache-hits': '0',
27 silly registry.get     'x-timer': 'S1428084665.685617,VS0,VE165',
27 silly registry.get     vary: 'Accept',
27 silly registry.get     'keep-alive': 'timeout=10, max=50',
27 silly registry.get     connection: 'Keep-Alive' } ]
28 silly addNameRange number 2 { name: 'generator-h5bp', range: '*', hasData: true }
29 silly addNameRange versions [ 'generator-h5bp',
29 silly addNameRange   [ '0.1.0',
29 silly addNameRange     '0.1.1',
29 silly addNameRange     '0.1.2',
29 silly addNameRange     '0.1.3',
29 silly addNameRange     '0.1.4',
29 silly addNameRange     '0.1.5',
29 silly addNameRange     '0.1.6',
29 silly addNameRange     '0.1.7',
29 silly addNameRange     '1.0.0',
29 silly addNameRange     '1.1.0' ] ]
30 verbose addNamed [ 'generator-h5bp', '1.1.0' ]
31 verbose addNamed [ '1.1.0', '1.1.0' ]
32 silly lockFile ddf95b3e-generator-h5bp-1-1-0 generator-h5bp@1.1.0
33 verbose lock generator-h5bp@1.1.0 /home/denis/.npm/ddf95b3e-generator-h5bp-1-1-0.lock
34 silly lockFile e2ba9ff1-or-h5bp-generator-h5bp-1-1-0-tgz https://registry.npmjs.org/generator-h5bp/-/generator-h5bp-1.1.0.tgz
35 verbose lock https://registry.npmjs.org/generator-h5bp/-/generator-h5bp-1.1.0.tgz /home/denis/.npm/e2ba9ff1-or-h5bp-generator-h5bp-1-1-0-tgz.lock
36 verbose addRemoteTarball [ 'https://registry.npmjs.org/generator-h5bp/-/generator-h5bp-1.1.0.tgz',
36 verbose addRemoteTarball   '1fe8410272a2ce0caad26e1f7658d8075ce41c04' ]
37 info retry fetch attempt 1 at 19:11:05
38 verbose fetch to= /tmp/npm-10895-i6iOw8SS/registry.npmjs.org/generator-h5bp/-/generator-h5bp-1.1.0.tgz
39 http GET https://registry.npmjs.org/generator-h5bp/-/generator-h5bp-1.1.0.tgz
40 http 200 https://registry.npmjs.org/generator-h5bp/-/generator-h5bp-1.1.0.tgz
41 silly lockFile e2ba9ff1-or-h5bp-generator-h5bp-1-1-0-tgz https://registry.npmjs.org/generator-h5bp/-/generator-h5bp-1.1.0.tgz
42 silly lockFile e2ba9ff1-or-h5bp-generator-h5bp-1-1-0-tgz https://registry.npmjs.org/generator-h5bp/-/generator-h5bp-1.1.0.tgz
43 silly lockFile ddf95b3e-generator-h5bp-1-1-0 generator-h5bp@1.1.0
44 silly lockFile ddf95b3e-generator-h5bp-1-1-0 generator-h5bp@1.1.0
45 silly lockFile e202116f-generator-h5bp generator-h5bp@
46 silly lockFile e202116f-generator-h5bp generator-h5bp@
47 silly resolved [ { name: 'generator-h5bp',
47 silly resolved     version: '1.1.0',
47 silly resolved     description: 'HTML5 Boilerplate generator',
47 silly resolved     keywords: [ 'yeoman-generator', 'html', 'boilerplate', 'template', 'h5bp' ],
47 silly resolved     author:
47 silly resolved      { name: 'Sindre Sorhus',
47 silly resolved        email: 'sindresorhus@gmail.com',
47 silly resolved        url: 'sindresorhus.com' },
47 silly resolved     main: 'app/index.js',
47 silly resolved     repository: { type: 'git', url: 'https://github.com/h5bp/generator-h5bp' },
47 silly resolved     scripts: { test: 'mocha' },
47 silly resolved     dependencies: { 'yeoman-generator': '^0.18.6' },
47 silly resolved     devDependencies: { mocha: '*' },
47 silly resolved     engines: { node: '>=0.10.0' },
47 silly resolved     licenses: 'MIT',
47 silly resolved     files: [ 'app' ],
47 silly resolved     gitHead: '099f37b8e04ba45a87238bdf94f4cc152322099d',
47 silly resolved     bugs: { url: 'https://github.com/h5bp/generator-h5bp/issues' },
47 silly resolved     homepage: 'https://github.com/h5bp/generator-h5bp',
47 silly resolved     _id: 'generator-h5bp@1.1.0',
47 silly resolved     _shasum: '1fe8410272a2ce0caad26e1f7658d8075ce41c04',
47 silly resolved     _from: 'generator-h5bp@',
47 silly resolved     _npmVersion: '1.4.28',
47 silly resolved     _npmUser: { name: 'sindresorhus', email: 'sindresorhus@gmail.com' },
47 silly resolved     maintainers: [ [Object], [Object] ],
47 silly resolved     dist:
47 silly resolved      { shasum: '1fe8410272a2ce0caad26e1f7658d8075ce41c04',
47 silly resolved        tarball: 'http://registry.npmjs.org/generator-h5bp/-/generator-h5bp-1.1.0.tgz' },
47 silly resolved     directories: {},
47 silly resolved     _resolved: 'https://registry.npmjs.org/generator-h5bp/-/generator-h5bp-1.1.0.tgz' } ]
48 info install generator-h5bp@1.1.0 into /usr/lib
49 info installOne generator-h5bp@1.1.0
50 verbose lib/node_modules/generator-h5bp unbuild
51 verbose tar unpack /home/denis/.npm/generator-h5bp/1.1.0/package.tgz
52 silly lockFile e5db25d7--lib-node-modules-generator-h5bp tar:///usr/lib/node_modules/generator-h5bp
53 verbose lock tar:///usr/lib/node_modules/generator-h5bp /home/denis/.npm/e5db25d7--lib-node-modules-generator-h5bp.lock
54 silly lockFile 0fc7ed52-generator-h5bp-1-1-0-package-tgz tar:///home/denis/.npm/generator-h5bp/1.1.0/package.tgz
55 verbose lock tar:///home/denis/.npm/generator-h5bp/1.1.0/package.tgz /home/denis/.npm/0fc7ed52-generator-h5bp-1-1-0-package-tgz.lock
56 silly gunzTarPerm modes [ '775', '664' ]
57 error Error: EACCES, mkdir '/usr/lib/node_modules/generator-h5bp'
57 error  { [Error: EACCES, mkdir '/usr/lib/node_modules/generator-h5bp']
57 error   errno: 3,
57 error   code: 'EACCES',
57 error   path: '/usr/lib/node_modules/generator-h5bp',
57 error   fstream_type: 'Directory',
57 error   fstream_path: '/usr/lib/node_modules/generator-h5bp',
57 error   fstream_class: 'DirWriter',
57 error   fstream_stack:
57 error    [ '/usr/lib/node_modules/npm/node_modules/fstream/lib/dir-writer.js:36:23',
57 error      '/usr/lib/node_modules/npm/node_modules/mkdirp/index.js:46:53',
57 error      'Object.oncomplete (fs.js:108:15)' ] }
58 error Please try running this command again as root/Administrator.
59 error System Linux 3.16.0-33-generic
60 error command "/usr/bin/node" "/usr/bin/npm" "install" "--global" "generator-h5bp"
61 error cwd /home/denis/Desktop/dev/project/MySite
62 error node -v v0.10.38
63 error npm -v 1.4.28
64 error path /usr/lib/node_modules/generator-h5bp
65 error fstream_path /usr/lib/node_modules/generator-h5bp
66 error fstream_type Directory
67 error fstream_class DirWriter
68 error code EACCES
69 error errno 3
70 error stack Error: EACCES, mkdir '/usr/lib/node_modules/generator-h5bp'
71 error fstream_stack /usr/lib/node_modules/npm/node_modules/fstream/lib/dir-writer.js:36:23
71 error fstream_stack /usr/lib/node_modules/npm/node_modules/mkdirp/index.js:46:53
71 error fstream_stack Object.oncomplete (fs.js:108:15)
72 verbose exit [ 3, true ]
